<?xml version="1.0" encoding="UTF-8"?>
<testng-results ignored="0" total="2" passed="2" failed="0" skipped="0">
  <reporter-output>
  </reporter-output>
  <suite started-at="2020-08-14T10:26:54 EDT" name="Default suite" finished-at="2020-08-14T10:26:54 EDT" duration-ms="47">
    <groups>
    </groups>
    <test started-at="2020-08-14T10:26:54 EDT" name="Default test" finished-at="2020-08-14T10:26:54 EDT" duration-ms="47">
      <class name="test.ITestcontext">
        <test-method is-config="true" signature="SetData(org.testng.ITestContext)[pri:0, instance:test.ITestcontext@2aa3cd93]" started-at="2020-08-14T10:26:54 EDT" name="SetData" finished-at="2020-08-14T10:26:54 EDT" duration-ms="16" status="PASS">
          <params>
            <param index="0">
              <value>
                <![CDATA[org.testng.TestRunner@6a192cfe]]>
              </value>
            </param>
          </params>
          <reporter-output>
          </reporter-output>
        </test-method> <!-- SetData -->
        <test-method signature="Test2a(org.testng.ITestContext)[pri:0, instance:test.ITestcontext@2aa3cd93]" started-at="2020-08-14T10:26:54 EDT" name="Test2a" finished-at="2020-08-14T10:26:54 EDT" duration-ms="16" status="PASS">
          <params>
            <param index="0">
              <value>
                <![CDATA[org.testng.TestRunner@6a192cfe]]>
              </value>
            </param>
          </params>
          <reporter-output>
          </reporter-output>
        </test-method> <!-- Test2a -->
        <test-method signature="Test1a(org.testng.ITestContext)[pri:0, instance:test.ITestcontext@2aa3cd93]" started-at="2020-08-14T10:26:54 EDT" name="Test1a" finished-at="2020-08-14T10:26:54 EDT" duration-ms="0" status="PASS">
          <params>
            <param index="0">
              <value>
                <![CDATA[org.testng.TestRunner@6a192cfe]]>
              </value>
            </param>
          </params>
          <reporter-output>
          </reporter-output>
        </test-method> <!-- Test1a -->
      </class> <!-- test.ITestcontext -->
    </test> <!-- Default test -->
  </suite> <!-- Default suite -->
</testng-results>
