<?xml version="1.0" encoding="UTF-8"?>
<testng-results total="6" passed="6" failed="0" skipped="0">
  <reporter-output>
  </reporter-output>
  <suite started-at="2020-08-16T12:45:13Z" name="Suite" finished-at="2020-08-16T12:45:13Z" duration-ms="17">
    <groups>
    </groups>
    <test started-at="2020-08-16T12:45:13Z" name="Test" finished-at="2020-08-16T12:45:13Z" duration-ms="17">
      <class name="Learning.Mavenjava.AppiumTest">
        <test-method signature="iOS()[pri:0, instance:Learning.Mavenjava.AppiumTest@25084a1e]" started-at="2020-08-16T08:45:13Z" name="iOS" finished-at="2020-08-16T08:45:13Z" duration-ms="0" status="PASS">
          <reporter-output>
          </reporter-output>
        </test-method> <!-- iOS -->
        <test-method signature="NativeAppAndroid()[pri:0, instance:Learning.Mavenjava.AppiumTest@25084a1e]" started-at="2020-08-16T08:45:13Z" name="NativeAppAndroid" finished-at="2020-08-16T08:45:13Z" duration-ms="0" status="PASS">
          <reporter-output>
          </reporter-output>
        </test-method> <!-- NativeAppAndroid -->
      </class> <!-- Learning.Mavenjava.AppiumTest -->
      <class name="Learning.Mavenjava.RestAPITest">
        <test-method signature="PosJira()[pri:0, instance:Learning.Mavenjava.RestAPITest@47faa49c]" started-at="2020-08-16T08:45:13Z" name="PosJira" finished-at="2020-08-16T08:45:13Z" duration-ms="0" status="PASS">
          <reporter-output>
          </reporter-output>
        </test-method> <!-- PosJira -->
        <test-method signature="deleteTwitter()[pri:0, instance:Learning.Mavenjava.RestAPITest@47faa49c]" started-at="2020-08-16T08:45:13Z" name="deleteTwitter" finished-at="2020-08-16T08:45:13Z" duration-ms="10" status="PASS">
          <reporter-output>
          </reporter-output>
        </test-method> <!-- deleteTwitter -->
      </class> <!-- Learning.Mavenjava.RestAPITest -->
      <class name="Learning.Mavenjava.SeleniumTest">
        <test-method signature="ElementsUI()[pri:0, instance:Learning.Mavenjava.SeleniumTest@73e22a3d]" started-at="2020-08-16T08:45:13Z" name="ElementsUI" finished-at="2020-08-16T08:45:13Z" duration-ms="0" status="PASS">
          <reporter-output>
          </reporter-output>
        </test-method> <!-- ElementsUI -->
        <test-method signature="BrowserAutomation()[pri:0, instance:Learning.Mavenjava.SeleniumTest@73e22a3d]" started-at="2020-08-16T08:45:13Z" name="BrowserAutomation" finished-at="2020-08-16T08:45:13Z" duration-ms="0" status="PASS">
          <reporter-output>
          </reporter-output>
        </test-method> <!-- BrowserAutomation -->
      </class> <!-- Learning.Mavenjava.SeleniumTest -->
    </test> <!-- Test -->
  </suite> <!-- Suite -->
</testng-results>
