<?xml version="1.0" encoding="UTF-8"?>
<!-- Generated by org.testng.reporters.JUnitXMLReporter -->
<testsuite hostname="DESKTOP-JLKBKOP" failures="0" tests="6" name="Test" time="0.017" errors="0" timestamp="16 Aug 2020 12:45:13 GMT">
  <testcase classname="Learning.Mavenjava.SeleniumTest" name="BrowserAutomation" time="0.0"/>
  <testcase classname="Learning.Mavenjava.SeleniumTest" name="ElementsUI" time="0.0"/>
  <testcase classname="Learning.Mavenjava.RestAPITest" name="PosJira" time="0.0"/>
  <testcase classname="Learning.Mavenjava.RestAPITest" name="deleteTwitter" time="0.01"/>
  <testcase classname="Learning.Mavenjava.AppiumTest" name="NativeAppAndroid" time="0.0"/>
  <testcase classname="Learning.Mavenjava.AppiumTest" name="iOS" time="0.0"/>
</testsuite> <!-- Test -->
