<?xml version="1.0" encoding="UTF-8"?>
<testng-results ignored="0" total="1" passed="1" failed="0" skipped="0">
  <reporter-output>
  </reporter-output>
  <suite started-at="2020-08-18T07:36:36 EDT" name="Default suite" finished-at="2020-08-18T07:36:43 EDT" duration-ms="6190">
    <groups>
    </groups>
    <test started-at="2020-08-18T07:36:36 EDT" name="Default test" finished-at="2020-08-18T07:36:43 EDT" duration-ms="6190">
      <class name="Learning.ExtentReports.ExtentReportDemo">
        <test-method is-config="true" signature="config()[pri:0, instance:Learning.ExtentReports.ExtentReportDemo@1534f01b]" started-at="2020-08-18T07:36:36 EDT" name="config" finished-at="2020-08-18T07:36:37 EDT" duration-ms="246" status="PASS">
          <reporter-output>
          </reporter-output>
        </test-method> <!-- config -->
        <test-method signature="initialDemo()[pri:0, instance:Learning.ExtentReports.ExtentReportDemo@1534f01b]" started-at="2020-08-18T07:36:37 EDT" name="initialDemo" finished-at="2020-08-18T07:36:43 EDT" duration-ms="5915" status="PASS">
          <reporter-output>
          </reporter-output>
        </test-method> <!-- initialDemo -->
      </class> <!-- Learning.ExtentReports.ExtentReportDemo -->
    </test> <!-- Default test -->
  </suite> <!-- Default suite -->
</testng-results>
