<?xml version="1.0" encoding="UTF-8"?>
<testng-results ignored="0" total="1" passed="1" failed="0" skipped="0">
  <reporter-output>
  </reporter-output>
  <suite started-at="2023-03-20T12:37:53 EDT" name="Default suite" finished-at="2023-03-20T12:38:09 EDT" duration-ms="16297">
    <groups>
      <group name="cucumber">
        <method signature="AbstractTestNGCucumberTests.runScenario(io.cucumber.testng.PickleWrapper,io.cucumber.testng.FeatureWrapper)[pri:0, instance:CucumberOptions.TestNGTestRunner@4562e04d]" name="runScenario" class="io.cucumber.testng.AbstractTestNGCucumberTests"/>
      </group> <!-- cucumber -->
    </groups>
    <test started-at="2023-03-20T12:37:53 EDT" name="Default test" finished-at="2023-03-20T12:38:09 EDT" duration-ms="16297">
      <class name="CucumberOptions.TestNGTestRunner">
        <test-method is-config="true" signature="setUpClass(org.testng.ITestContext)[pri:0, instance:CucumberOptions.TestNGTestRunner@4562e04d]" started-at="2023-03-20T12:37:53 EDT" name="setUpClass" finished-at="2023-03-20T12:37:53 EDT" duration-ms="201" status="PASS">
          <params>
            <param index="0">
              <value>
                <![CDATA[org.testng.TestRunner@1416cf9f]]>
              </value>
            </param>
          </params>
          <reporter-output>
          </reporter-output>
        </test-method> <!-- setUpClass -->
        <test-method signature="runScenario(io.cucumber.testng.PickleWrapper,io.cucumber.testng.FeatureWrapper)[pri:0, instance:CucumberOptions.TestNGTestRunner@4562e04d]" started-at="2023-03-20T12:37:53 EDT" name="runScenario" description="Runs Cucumber Scenarios" data-provider="scenarios" finished-at="2023-03-20T12:38:09 EDT" duration-ms="16046" status="PASS">
          <params>
            <param index="0">
              <value>
                <![CDATA["Search experience for product search in both home and offers page."]]>
              </value>
            </param>
            <param index="1">
              <value>
                <![CDATA["Search and place the order for products"]]>
              </value>
            </param>
          </params>
          <reporter-output>
          </reporter-output>
        </test-method> <!-- runScenario -->
        <test-method is-config="true" signature="tearDownClass()[pri:0, instance:CucumberOptions.TestNGTestRunner@4562e04d]" started-at="2023-03-20T12:38:09 EDT" name="tearDownClass" finished-at="2023-03-20T12:38:09 EDT" duration-ms="7" status="PASS">
          <reporter-output>
          </reporter-output>
        </test-method> <!-- tearDownClass -->
      </class> <!-- CucumberOptions.TestNGTestRunner -->
    </test> <!-- Default test -->
  </suite> <!-- Default suite -->
</testng-results>
