<?xml version="1.0" encoding="UTF-8"?>
<!-- Generated by org.testng.reporters.JUnitXMLReporter -->
<testsuite ignored="1" hostname="DESKTOP-JLKBKOP" failures="0" tests="2" name="Test2" time="0.0" errors="0" timestamp="2020-08-13T07:02:57 EDT">
  <testcase classname="test.day3" name="mobilecarLogin" time="0.0"/>
  <testcase classname="test.day3" name="webcarLogin" time="0.0"/>
  <testcase classname="test.day3" name="apicarLogin" time="0.0">
    <ignored/>
  </testcase> <!-- apicarLogin -->
</testsuite> <!-- Test2 -->
