<?xml version="1.0" encoding="UTF-8"?>
<!-- Generated by org.testng.reporters.JUnitXMLReporter -->
<testsuite ignored="0" hostname="DESKTOP-JLKBKOP" failures="0" tests="4" name="Submit Order" time="74.033" errors="0" timestamp="2023-01-09T07:08:45 EST">
  <testcase classname="testNGframeWork.test.SubmitOrderTest" name="submitorder" time="7.897"/>
  <testcase classname="testNGframeWork.test.SubmitOrderTest" name="submitorder" time="8.014"/>
  <testcase classname="testNGframeWork.test.SubmitOrderTest" name="OrderHistoryTest" time="1.468"/>
  <testcase classname="testNGframeWork.test.SubmitOrderTest" name="OrderHistoryTest" time="1.681"/>
</testsuite> <!-- Submit Order -->
